<?xml version="1.0" encoding="UTF-8"?>
<!-- Generated by org.testng.reporters.JUnitReportReporter -->
<testsuite skipped="0" hostname="DPCD-H42N6C2" name="TestCases.TabLaunchTest" tests="2" failures="0" timestamp="16 Oct 2019 11:34:26 GMT" time="13.595" errors="0">
  <testcase name="addTest" time="0.010" classname="TestCases.TabLaunchTest"/>
  <testcase name="launchBrowser" time="13.585" classname="TestCases.TabLaunchTest"/>
</testsuite> <!-- TestCases.TabLaunchTest -->
