<?xml version="1.0" encoding="UTF-8"?>
<!-- Generated by org.testng.reporters.JUnitReportReporter -->
<testsuite skipped="0" hostname="DPCD-H42N6C2" name="SeleniumLatest.SeleniumLatest.App" tests="1" failures="0" timestamp="10 Oct 2019 08:33:56 GMT" time="0.012" errors="0">
  <testcase name="launchBrower" time="0.012" classname="SeleniumLatest.SeleniumLatest.App"/>
</testsuite> <!-- SeleniumLatest.SeleniumLatest.App -->
